0 info it worked if it ends with ok
1 verbose cli [ 'C:\\Program Files\\nodejs\\node.exe',
1 verbose cli   'C:\\Program Files\\nodejs\\node_modules\\npm\\bin\\npm-cli.js',
1 verbose cli   'start' ]
2 info using npm@3.10.10
3 info using node@v6.10.2
4 verbose run-script [ 'prestart', 'start', 'poststart' ]
5 info lifecycle myjob@0.0.0~prestart: myjob@0.0.0
6 silly lifecycle myjob@0.0.0~prestart: no script for prestart, continuing
7 info lifecycle myjob@0.0.0~start: myjob@0.0.0
8 verbose lifecycle myjob@0.0.0~start: unsafe-perm in lifecycle true
9 verbose lifecycle myjob@0.0.0~start: PATH: C:\Program Files\nodejs\node_modules\npm\bin\node-gyp-bin;D:\ng4\myjob\node_modules\.bin;C:\Program Files (x86)\NVIDIA Corporation\PhysX\Common;C:\windows\system32;C:\windows;C:\Program Files (x86)\Java\jdk1.8.0_31\bin;C:\Program Files (x86)\Java\jdk1.8.0_31\jre\bin;C:\Program Files (x86)\Microsoft SQL Server\100\Tools\Binn\;C:\Program Files\Microsoft SQL Server\100\Tools\Binn\;C:\Program Files\Microsoft SQL Server\100\DTS\Binn\;C:\Program Files (x86)\ATI Technologies\ATI.ACE\Core-Static;C:\Program Files\TortoiseSVN\bin;C:\Program Files\nodejs\;C:\Program Files (x86)\Skype\Phone\;D:\应用\Tools\WinNT;D:\应用\MSDev98\Bin;D:\应用\Tools;D:\VC98\bin;C:\Users\吴春林\AppData\Roaming\npm;D:\应用\Microsoft VS Code\bin
10 verbose lifecycle myjob@0.0.0~start: CWD: D:\ng4\myjob
11 silly lifecycle myjob@0.0.0~start: Args: [ '/d /s /c', 'ng serve' ]
12 silly lifecycle myjob@0.0.0~start: Returned: code: 3221225786  signal: null
13 info lifecycle myjob@0.0.0~start: Failed to exec start script
14 verbose stack Error: myjob@0.0.0 start: `ng serve`
14 verbose stack Exit status 3221225786
14 verbose stack     at EventEmitter.<anonymous> (C:\Program Files\nodejs\node_modules\npm\lib\utils\lifecycle.js:255:16)
14 verbose stack     at emitTwo (events.js:106:13)
14 verbose stack     at EventEmitter.emit (events.js:191:7)
14 verbose stack     at ChildProcess.<anonymous> (C:\Program Files\nodejs\node_modules\npm\lib\utils\spawn.js:40:14)
14 verbose stack     at emitTwo (events.js:106:13)
14 verbose stack     at ChildProcess.emit (events.js:191:7)
14 verbose stack     at maybeClose (internal/child_process.js:886:16)
14 verbose stack     at Process.ChildProcess._handle.onexit (internal/child_process.js:226:5)
15 verbose pkgid myjob@0.0.0
16 verbose cwd D:\ng4\myjob
17 error Windows_NT 6.3.9600
18 error argv "C:\\Program Files\\nodejs\\node.exe" "C:\\Program Files\\nodejs\\node_modules\\npm\\bin\\npm-cli.js" "start"
19 error node v6.10.2
20 error npm  v3.10.10
21 error code ELIFECYCLE
22 error myjob@0.0.0 start: `ng serve`
22 error Exit status 3221225786
23 error Failed at the myjob@0.0.0 start script 'ng serve'.
23 error Make sure you have the latest version of node.js and npm installed.
23 error If you do, this is most likely a problem with the myjob package,
23 error not with npm itself.
23 error Tell the author that this fails on your system:
23 error     ng serve
23 error You can get information on how to open an issue for this project with:
23 error     npm bugs myjob
23 error Or if that isn't available, you can get their info via:
23 error     npm owner ls myjob
23 error There is likely additional logging output above.
24 verbose exit [ 1, true ]
